Flutter crash report; please file at https://github.com/flutter/flutter/issues.

## command

flutter --no-color packages get

## exception

FileSystemException: FileSystemException: Deletion failed, path = '/Users/RunningH/Downloads/test/flutter_lib/.android' (OS Error: Permission denied, errno = 13)

```
#0      _Directory._deleteSync (dart:io/directory_impl.dart:208:7)
#1      FileSystemEntity.deleteSync (dart:io/file_system_entity.dart:466:47)
#2      ForwardingFileSystemEntity.deleteSync (package:file/src/forwarding/forwarding_file_system_entity.dart:72:16)
#3      _deleteIfExistsSync (package:flutter_tools/src/project.dart:723:15)
#4      AndroidProject._regenerateLibrary (package:flutter_tools/src/project.dart:626:5)
#5      AndroidProject.ensureReadyForPlatformSpecificTooling (package:flutter_tools/src/project.dart:589:7)
#6      FlutterProject.ensureReadyForPlatformSpecificTooling (package:flutter_tools/src/project.dart:210:21)
#7      PackagesGetCommand.runCommand (package:flutter_tools/src/commands/packages.dart:130:23)
<asynchronous suspension>
#8      FlutterCommand.verifyThenRunCommand (package:flutter_tools/src/runner/flutter_command.dart:615:18)
#9      _asyncThenWrapperHelper.<anonymous closure> (dart:async-patch/async_patch.dart:73:64)
#10     _rootRunUnary (dart:async/zone.dart:1134:38)
#11     _CustomZone.runUnary (dart:async/zone.dart:1031:19)
#12     _FutureListener.handleValue (dart:async/future_impl.dart:139:18)
#13     Future._propagateToListeners.handleValueCallback (dart:async/future_impl.dart:680:45)
#14     Future._propagateToListeners (dart:async/future_impl.dart:709:32)
#15     Future._completeWithValue (dart:async/future_impl.dart:524:5)
#16     Future._asyncComplete.<anonymous closure> (dart:async/future_impl.dart:554:7)
#17     _rootRun (dart:async/zone.dart:1126:13)
#18     _CustomZone.run (dart:async/zone.dart:1023:19)
#19     _CustomZone.runGuarded (dart:async/zone.dart:925:7)
#20     _CustomZone.bindCallbackGuarded.<anonymous closure> (dart:async/zone.dart:965:23)
#21     _microtaskLoop (dart:async/schedule_microtask.dart:43:21)
#22     _startMicrotaskLoop (dart:async/schedule_microtask.dart:52:5)
#23     _runPendingImmediateCallback (dart:isolate-patch/isolate_patch.dart:118:13)
#24     _RawReceivePortImpl._handleMessage (dart:isolate-patch/isolate_patch.dart:175:5)
```

## flutter doctor

```
[✓] Flutter (Channel stable, v1.12.13+hotfix.8, on Mac OS X 10.14.6 18G84, locale zh-Hans-CN)
    • Flutter version 1.12.13+hotfix.8 at /Users/RunningH/Documents/work/flutter-1.12.13
    • Framework revision 0b8abb4724 (6 weeks ago), 2020-02-11 11:44:36 -0800
    • Engine revision e1e6ced81d
    • Dart version 2.7.0

[!] Android toolchain - develop for Android devices (Android SDK version 28.0.3)
    • Android SDK at /Users/RunningH/Library/Android/sdk
    • Android NDK location not configured (optional; useful for native profiling support)
    • Platform android-28, build-tools 28.0.3
    • Java binary at: /Applications/Android Studio.app/Contents/jre/jdk/Contents/Home/bin/java
    • Java version OpenJDK Runtime Environment (build 1.8.0_202-release-1483-b49-5587405)
    ✗ Android license status unknown.
      Try re-installing or updating your Android SDK Manager.
      See https://developer.android.com/studio/#downloads or visit https://flutter.dev/setup/#android-setup for detailed instructions.

[✓] Xcode - develop for iOS and macOS (Xcode 11.3.1)
    • Xcode at /Applications/Xcode.app/Contents/Developer
    • Xcode 11.3.1, Build version 11C504
    • CocoaPods version 1.7.3

[✓] Android Studio (version 3.5)
    • Android Studio at /Applications/Android Studio.app/Contents
    • Flutter plugin version 39.0.3
    • Dart plugin version 191.8423
    • Java version OpenJDK Runtime Environment (build 1.8.0_202-release-1483-b49-5587405)

[!] IntelliJ IDEA Ultimate Edition (version 2019.3.3)
    • IntelliJ at /Applications/IntelliJ IDEA.app
    ✗ Flutter plugin not installed; this adds Flutter specific functionality.
    ✗ Dart plugin not installed; this adds Dart specific functionality.
    • For information about installing plugins, see
      https://flutter.dev/intellij-setup/#installing-the-plugins

[✓] VS Code (version 1.42.1)
    • VS Code at /Applications/Visual Studio Code.app/Contents
    • Flutter extension version 3.8.1

[!] Connected device
    ! No devices available

! Doctor found issues in 3 categories.
```
